<?xml version="1.0" encoding="UTF-8"?>
<!-- Generated by org.testng.reporters.JUnitReportReporter -->
<testsuite hostname="Hima-PC" failures="0" tests="1" name="testpackage.TestNg_ParametersDemo" time="0.032" errors="0" timestamp="19 May 2020 11:04:19 GMT">
  <testcase classname="testpackage.TestNg_ParametersDemo" name="test2" time="0.032"/>
</testsuite> <!-- testpackage.TestNg_ParametersDemo -->
