<?xml version="1.0" encoding="UTF-8"?>
<!-- Generated by org.testng.reporters.JUnitReportReporter -->
<testsuite hostname="Hima-PC" failures="0" tests="6" name="testpackage.TestNg_DependencyDemo" time="0.034" errors="0" timestamp="19 May 2020 13:07:23 GMT">
  <testcase classname="testpackage.TestNg_DependencyDemo" name="test4" time="0.003"/>
  <testcase classname="testpackage.TestNg_DependencyDemo" name="test6" time="0.003"/>
  <testcase classname="testpackage.TestNg_DependencyDemo" name="test1" time="0.005"/>
  <testcase classname="testpackage.TestNg_DependencyDemo" name="test5" time="0.003"/>
  <testcase classname="testpackage.TestNg_DependencyDemo" name="test2" time="0.018"/>
  <testcase classname="testpackage.TestNg_DependencyDemo" name="test3" time="0.002"/>
</testsuite> <!-- testpackage.TestNg_DependencyDemo -->
