<?xml version="1.0" encoding="UTF-8"?>
<!-- Generated by org.testng.reporters.JUnitReportReporter -->
<testsuite hostname="Hima-PC" failures="0" tests="5" name="testpackage.TestNg_GroupingDemo" time="0.024" errors="0" timestamp="18 May 2020 16:30:50 GMT">
  <testcase classname="testpackage.TestNg_GroupingDemo" name="test4" time="0.001"/>
  <testcase classname="testpackage.TestNg_GroupingDemo" name="test3" time="0.002"/>
  <testcase classname="testpackage.TestNg_GroupingDemo" name="test1" time="0.017"/>
  <testcase classname="testpackage.TestNg_GroupingDemo" name="test5" time="0.002"/>
  <testcase classname="testpackage.TestNg_GroupingDemo" name="test2" time="0.002"/>
</testsuite> <!-- testpackage.TestNg_GroupingDemo -->
