<?xml version="1.0" encoding="UTF-8"?>
<!-- Generated by org.testng.reporters.JUnitReportReporter -->
<testsuite hostname="Hima-PC" failures="0" tests="1" name="testpackage.Test1search_TestNg1" time="7.613" errors="0" timestamp="2 May 2020 15:03:17 GMT">
  <testcase classname="testpackage.Test1search_TestNg1" name="searchProduct" time="7.613"/>
</testsuite> <!-- testpackage.Test1search_TestNg1 -->
