<?xml version="1.0" encoding="UTF-8"?>
<!-- Generated by org.testng.reporters.JUnitReportReporter -->
<testsuite hostname="Hima-PC" failures="0" tests="3" name="utils.ExcelUtilDataProvider_TestNg" time="18.322" errors="0" timestamp="7 May 2020 15:51:16 GMT">
  <testcase classname="utils.ExcelUtilDataProvider_TestNg" name="test1" time="2.994"/>
  <testcase classname="utils.ExcelUtilDataProvider_TestNg" name="test1" time="12.453"/>
  <testcase classname="utils.ExcelUtilDataProvider_TestNg" name="test1" time="2.875"/>
</testsuite> <!-- utils.ExcelUtilDataProvider_TestNg -->
