<?xml version="1.0" encoding="UTF-8"?>
<!-- Generated by org.testng.reporters.JUnitReportReporter -->
<testsuite hostname="Hima-PC" failures="0" tests="3" name="testpackage.Test1search_ExtReport_TestNg" time="15.334" errors="0" timestamp="6 May 2020 11:14:42 GMT">
  <testcase classname="testpackage.Test1search_ExtReport_TestNg" name="logotest_AutopracEcom" time="0.175"/>
  <testcase classname="testpackage.Test1search_ExtReport_TestNg" name="navigate" time="7.955"/>
  <testcase classname="testpackage.Test1search_ExtReport_TestNg" name="searchProduct" time="7.204"/>
</testsuite> <!-- testpackage.Test1search_ExtReport_TestNg -->
