<?xml version="1.0" encoding="UTF-8"?>
<!-- Generated by org.testng.reporters.JUnitReportReporter -->
<testsuite hostname="Hima-PC" failures="0" tests="2" name="testpackage.TestNg_MultiBrowserTestDemo" time="21.162" errors="0" timestamp="18 May 2020 15:27:49 GMT">
  <testcase classname="testpackage.TestNg_MultiBrowserTestDemo" name="searchProduct" time="8.568"/>
  <testcase classname="testpackage.TestNg_MultiBrowserTestDemo" name="searchProduct" time="12.594"/>
</testsuite> <!-- testpackage.TestNg_MultiBrowserTestDemo -->
