<?xml version="1.0" encoding="UTF-8"?>
<!-- Generated by org.testng.reporters.JUnitReportReporter -->
<testsuite hostname="Hima-PC" failures="0" tests="1" name="testpackage.TestRecord" time="14.988" errors="0" timestamp="19 May 2020 17:15:36 GMT">
  <testcase classname="testpackage.TestRecord" name="testRecord" time="14.988"/>
</testsuite> <!-- testpackage.TestRecord -->
